<?xml version="1.0" encoding="UTF-8"?>
<!-- Generated by org.testng.reporters.JUnitReportReporter -->
<testsuite hostname="Babu" failures="0" tests="5" name="com.survey.tests.DashboardTest" time="54.620" errors="0" timestamp="2022-08-30T23:54:27 IST" skipped="4">
  <testcase classname="com.survey.tests.DashboardTest" name="verifyUserProfileEdit" time="54.620"/>
  <system-out/>
  <testcase classname="com.survey.tests.DashboardTest" name="validateOnboardingDropDown">
    <skipped/>
  </testcase> <!-- validateOnboardingDropDown -->
  <system-out/>
  <testcase classname="com.survey.tests.DashboardTest" name="validateDashboardPageFields">
    <skipped/>
  </testcase> <!-- validateDashboardPageFields -->
  <system-out/>
  <testcase classname="com.survey.tests.DashboardTest" name="validateSurveyDropDown">
    <skipped/>
  </testcase> <!-- validateSurveyDropDown -->
  <system-out/>
  <testcase classname="com.survey.tests.DashboardTest" name="validateReportsDropDown">
    <skipped/>
  </testcase> <!-- validateReportsDropDown -->
  <system-out/>
</testsuite> <!-- com.survey.tests.DashboardTest -->
