<?xml version="1.0" encoding="UTF-8"?>
<!-- Generated by org.testng.reporters.JUnitReportReporter -->
<testsuite hostname="Babu" failures="0" tests="2" name="com.survey.tests.OrganizationTest" time="42.993" errors="0" timestamp="2022-08-31T15:48:05 IST" skipped="1">
  <testcase classname="com.survey.tests.OrganizationTest" name="verifySearchOrganization" time="42.993"/>
  <system-out/>
  <testcase classname="com.survey.tests.OrganizationTest" name="createOrganization">
    <skipped/>
  </testcase> <!-- createOrganization -->
  <system-out/>
</testsuite> <!-- com.survey.tests.OrganizationTest -->
